<?xml version="1.0" encoding="UTF-8"?>
<testsuite name="Cucumber" time="23.754" tests="9" skipped="0" failures="0" errors="0">
<testcase classname="Add to Cart and Checkout Flow" name="User adds two products to the cart and completes the checkout process - Example #1.1" time="3.659">
<system-out><![CDATA[
Given The user is on the SauceDemo login page...............................passed
When The user logs in with username "standard_user" and password "secret_sauce".passed
When the user adds two products to the cart.................................passed
And the user proceeds to the checkout page..................................passed
And the user fills in checkout information with "Nandini", "VK", and "679303".passed
And the user confirms the checkout..........................................passed
Then the user should see the "Checkout: Complete!" page.....................passed
]]></system-out>
</testcase>
<testcase classname="Login Functionality on SauceDemo" name="Login with valid/invalid credentials - Example #1.1" time="1.944">
<system-out><![CDATA[
Given The user is on the SauceDemo login page...............................passed
When The user logs in with username "standard_user" and password "secret_sauce".passed
Then "The user should be redirected to the inventory page"..................passed
]]></system-out>
</testcase>
<testcase classname="Login Functionality on SauceDemo" name="Login with valid/invalid credentials - Example #1.2" time="1.885">
<system-out><![CDATA[
Given The user is on the SauceDemo login page...............................passed
When The user logs in with username "problem_user" and password "secret_sauce".passed
Then "The user should be redirected to the inventory page"..................passed
]]></system-out>
</testcase>
<testcase classname="Login Functionality on SauceDemo" name="Login with valid/invalid credentials - Example #1.3" time="6.964">
<system-out><![CDATA[
Given The user is on the SauceDemo login page...............................passed
When The user logs in with username "performance_glitch_user" and password "secret_sauce".passed
Then "The user should be redirected to the inventory page"..................passed
]]></system-out>
</testcase>
<testcase classname="Login Functionality on SauceDemo" name="Login with valid/invalid credentials - Example #1.4" time="1.873">
<system-out><![CDATA[
Given The user is on the SauceDemo login page...............................passed
When The user logs in with username "standard_user" and password "abcd".....passed
Then "Error message should be displayed"....................................passed
]]></system-out>
</testcase>
<testcase classname="Login Functionality on SauceDemo" name="Login with valid/invalid credentials - Example #1.5" time="1.857">
<system-out><![CDATA[
Given The user is on the SauceDemo login page...............................passed
When The user logs in with username "invalid_username" and password "invalid_pass".passed
Then "Error message should be displayed"....................................passed
]]></system-out>
</testcase>
<testcase classname="Login Functionality on SauceDemo" name="Login with empty credentials - Example #1.1" time="1.729">
<system-out><![CDATA[
Given The user is on the SauceDemo login page...............................passed
When The user logs in with empty credentials................................passed
Then The error message "Epic sadface: Username is required" should be displayed.passed
]]></system-out>
</testcase>
<testcase classname="Validate product lists and order" name="checks products lists - Example #1.1" time="1.9">
<system-out><![CDATA[
Given The user is on the SauceDemo login page...............................passed
When The user logs in with username "standard_user" and password "secret_sauce".passed
Then User lands on the product listing page.................................passed
And list of products is visible.............................................passed
]]></system-out>
</testcase>
<testcase classname="Validate product lists and order" name="checks product sorting - Example #1.1" time="1.872">
<system-out><![CDATA[
Given The user is on the SauceDemo login page...............................passed
When The user logs in with username "standard_user" and password "secret_sauce".passed
And user check that sorting by Price (low to high)..........................passed
Then sorts the items correctly..............................................passed
]]></system-out>
</testcase>
</testsuite>
