<?xml version="1.0" encoding="UTF-8"?>
<testsuite xmlns:xsi="http://www.w3.org/2001/XMLSchema-instance" xsi:noNamespaceSchemaLocation="https://maven.apache.org/surefire/maven-surefire-plugin/xsd/surefire-test-report-3.0.xsd" version="3.0" name="runners.TestRunner" time="23.811" tests="9" errors="0" skipped="0" failures="0">
  <properties>
[...]
</properties>
  <testcase name="User adds two products to the cart and completes the checkout process" classname="Add to Cart and Checkout Flow" time="3.683">
    <system-out><![CDATA[
Scenario: User adds two products to the cart and completes the checkout process   # src/test/java/features/addToCartAndCheckout.feature:15
  Given The user is on the SauceDemo login page                                   # stepdefinitions.LoginSteps.the_user_is_on_the_saucedemo_login_page()
  When The user logs in with username "standard_user" and password "secret_sauce" # stepdefinitions.LoginSteps.the_user_logs_in_with_username_and_password(java.lang.String,java.lang.String)
  When the user adds two products to the cart                                     # stepdefinitions.AddToCartAndCheckoutSteps.user_adds_products()
  And the user proceeds to the checkout page                                      # stepdefinitions.AddToCartAndCheckoutSteps.user_proceeds_to_checkout()
No alert present.
  And the user fills in checkout information with "Nandini", "VK", and "679303"   # stepdefinitions.AddToCartAndCheckoutSteps.user_fills_checkout_info(java.lang.String,java.lang.String,java.lang.String)
  And the user confirms the checkout                                              # stepdefinitions.AddToCartAndCheckoutSteps.user_confirms_checkout()
  Then the user should see the "Checkout: Complete!" page                         # stepdefinitions.AddToCartAndCheckoutSteps.user_should_see_complete_page(java.lang.String)
]]></system-out>
    <system-err><![CDATA[SLF4J(W): No SLF4J providers were found.
SLF4J(W): Defaulting to no-operation (NOP) logger implementation
SLF4J(W): See https://www.slf4j.org/codes.html#noProviders for further details.
Jun 07, 2025 7:55:38 PM org.openqa.selenium.devtools.CdpVersionFinder findNearestMatch
WARNING: Unable to find CDP implementation matching 137
Jun 07, 2025 7:55:38 PM org.openqa.selenium.chromium.ChromiumDriver lambda$new$5
WARNING: Unable to find version of CDP to use for 137.0.7151.69. You may need to include a dependency on a specific version of the CDP using something similar to `org.seleniumhq.selenium:selenium-devtools-v86:4.20.0` where the version ("v86") matches the version of the chromium-based browser you're using and the version number of the artifact is the same as Selenium's.
]]></system-err>
  </testcase>
  <testcase name="Login with valid/invalid credentials #1" classname="Login Functionality on SauceDemo" time="1.947">
    <system-out><![CDATA[
Scenario Outline: Login with valid/invalid credentials                            # src/test/java/features/login.feature:12
  Given The user is on the SauceDemo login page                                   # stepdefinitions.LoginSteps.the_user_is_on_the_saucedemo_login_page()
  When The user logs in with username "standard_user" and password "secret_sauce" # stepdefinitions.LoginSteps.the_user_logs_in_with_username_and_password(java.lang.String,java.lang.String)
  Then "The user should be redirected to the inventory page"                      # stepdefinitions.LoginSteps.validate_expected_result(java.lang.String)
]]></system-out>
    <system-err><![CDATA[Jun 07, 2025 7:55:41 PM org.openqa.selenium.devtools.CdpVersionFinder findNearestMatch
WARNING: Unable to find CDP implementation matching 137
Jun 07, 2025 7:55:41 PM org.openqa.selenium.chromium.ChromiumDriver lambda$new$5
WARNING: Unable to find version of CDP to use for 137.0.7151.69. You may need to include a dependency on a specific version of the CDP using something similar to `org.seleniumhq.selenium:selenium-devtools-v86:4.20.0` where the version ("v86") matches the version of the chromium-based browser you're using and the version number of the artifact is the same as Selenium's.
]]></system-err>
  </testcase>
  <testcase name="Login with valid/invalid credentials #2" classname="Login Functionality on SauceDemo" time="1.887">
    <system-out><![CDATA[
Scenario Outline: Login with valid/invalid credentials                           # src/test/java/features/login.feature:13
  Given The user is on the SauceDemo login page                                  # stepdefinitions.LoginSteps.the_user_is_on_the_saucedemo_login_page()
  When The user logs in with username "problem_user" and password "secret_sauce" # stepdefinitions.LoginSteps.the_user_logs_in_with_username_and_password(java.lang.String,java.lang.String)
  Then "The user should be redirected to the inventory page"                     # stepdefinitions.LoginSteps.validate_expected_result(java.lang.String)
]]></system-out>
    <system-err><![CDATA[Jun 07, 2025 7:55:42 PM org.openqa.selenium.devtools.CdpVersionFinder findNearestMatch
WARNING: Unable to find CDP implementation matching 137
Jun 07, 2025 7:55:42 PM org.openqa.selenium.chromium.ChromiumDriver lambda$new$5
WARNING: Unable to find version of CDP to use for 137.0.7151.69. You may need to include a dependency on a specific version of the CDP using something similar to `org.seleniumhq.selenium:selenium-devtools-v86:4.20.0` where the version ("v86") matches the version of the chromium-based browser you're using and the version number of the artifact is the same as Selenium's.
]]></system-err>
  </testcase>
  <testcase name="Login with valid/invalid credentials #3" classname="Login Functionality on SauceDemo" time="6.965">
    <system-out><![CDATA[
Scenario Outline: Login with valid/invalid credentials                                      # src/test/java/features/login.feature:14
  Given The user is on the SauceDemo login page                                             # stepdefinitions.LoginSteps.the_user_is_on_the_saucedemo_login_page()
  When The user logs in with username "performance_glitch_user" and password "secret_sauce" # stepdefinitions.LoginSteps.the_user_logs_in_with_username_and_password(java.lang.String,java.lang.String)
  Then "The user should be redirected to the inventory page"                                # stepdefinitions.LoginSteps.validate_expected_result(java.lang.String)
]]></system-out>
    <system-err><![CDATA[Jun 07, 2025 7:55:44 PM org.openqa.selenium.devtools.CdpVersionFinder findNearestMatch
WARNING: Unable to find CDP implementation matching 137
Jun 07, 2025 7:55:44 PM org.openqa.selenium.chromium.ChromiumDriver lambda$new$5
WARNING: Unable to find version of CDP to use for 137.0.7151.69. You may need to include a dependency on a specific version of the CDP using something similar to `org.seleniumhq.selenium:selenium-devtools-v86:4.20.0` where the version ("v86") matches the version of the chromium-based browser you're using and the version number of the artifact is the same as Selenium's.
]]></system-err>
  </testcase>
  <testcase name="Login with valid/invalid credentials #4" classname="Login Functionality on SauceDemo" time="1.875">
    <system-out><![CDATA[
Scenario Outline: Login with valid/invalid credentials                    # src/test/java/features/login.feature:15
  Given The user is on the SauceDemo login page                           # stepdefinitions.LoginSteps.the_user_is_on_the_saucedemo_login_page()
  When The user logs in with username "standard_user" and password "abcd" # stepdefinitions.LoginSteps.the_user_logs_in_with_username_and_password(java.lang.String,java.lang.String)
  Then "Error message should be displayed"                                # stepdefinitions.LoginSteps.validate_expected_result(java.lang.String)
]]></system-out>
    <system-err><![CDATA[Jun 07, 2025 7:55:51 PM org.openqa.selenium.devtools.CdpVersionFinder findNearestMatch
WARNING: Unable to find CDP implementation matching 137
Jun 07, 2025 7:55:51 PM org.openqa.selenium.chromium.ChromiumDriver lambda$new$5
WARNING: Unable to find version of CDP to use for 137.0.7151.69. You may need to include a dependency on a specific version of the CDP using something similar to `org.seleniumhq.selenium:selenium-devtools-v86:4.20.0` where the version ("v86") matches the version of the chromium-based browser you're using and the version number of the artifact is the same as Selenium's.
]]></system-err>
  </testcase>
  <testcase name="Login with valid/invalid credentials #5" classname="Login Functionality on SauceDemo" time="1.858">
    <system-out><![CDATA[
Scenario Outline: Login with valid/invalid credentials                               # src/test/java/features/login.feature:16
  Given The user is on the SauceDemo login page                                      # stepdefinitions.LoginSteps.the_user_is_on_the_saucedemo_login_page()
  When The user logs in with username "invalid_username" and password "invalid_pass" # stepdefinitions.LoginSteps.the_user_logs_in_with_username_and_password(java.lang.String,java.lang.String)
  Then "Error message should be displayed"                                           # stepdefinitions.LoginSteps.validate_expected_result(java.lang.String)
]]></system-out>
    <system-err><![CDATA[Jun 07, 2025 7:55:53 PM org.openqa.selenium.devtools.CdpVersionFinder findNearestMatch
WARNING: Unable to find CDP implementation matching 137
Jun 07, 2025 7:55:53 PM org.openqa.selenium.chromium.ChromiumDriver lambda$new$5
WARNING: Unable to find version of CDP to use for 137.0.7151.69. You may need to include a dependency on a specific version of the CDP using something similar to `org.seleniumhq.selenium:selenium-devtools-v86:4.20.0` where the version ("v86") matches the version of the chromium-based browser you're using and the version number of the artifact is the same as Selenium's.
]]></system-err>
  </testcase>
  <testcase name="Login with empty credentials" classname="Login Functionality on SauceDemo" time="1.732">
    <system-out><![CDATA[
Scenario Outline: Login with empty credentials                                    # src/test/java/features/login.feature:24
  Given The user is on the SauceDemo login page                                   # stepdefinitions.LoginSteps.the_user_is_on_the_saucedemo_login_page()
  When The user logs in with empty credentials                                    # stepdefinitions.LoginSteps.the_user_logs_in_with_empty_credentials()
  Then The error message "Epic sadface: Username is required" should be displayed # stepdefinitions.LoginSteps.the_error_message_should_be_displayed(java.lang.String)
]]></system-out>
    <system-err><![CDATA[Jun 07, 2025 7:55:55 PM org.openqa.selenium.devtools.CdpVersionFinder findNearestMatch
WARNING: Unable to find CDP implementation matching 137
Jun 07, 2025 7:55:55 PM org.openqa.selenium.chromium.ChromiumDriver lambda$new$5
WARNING: Unable to find version of CDP to use for 137.0.7151.69. You may need to include a dependency on a specific version of the CDP using something similar to `org.seleniumhq.selenium:selenium-devtools-v86:4.20.0` where the version ("v86") matches the version of the chromium-based browser you're using and the version number of the artifact is the same as Selenium's.
]]></system-err>
  </testcase>
  <testcase name="checks products lists" classname="Validate product lists and order" time="1.902">
    <system-out><![CDATA[
Scenario Outline: checks products lists                                           # src/test/java/features/products.feature:12
  Given The user is on the SauceDemo login page                                   # stepdefinitions.LoginSteps.the_user_is_on_the_saucedemo_login_page()
  When The user logs in with username "standard_user" and password "secret_sauce" # stepdefinitions.LoginSteps.the_user_logs_in_with_username_and_password(java.lang.String,java.lang.String)
  Then User lands on the product listing page                                     # stepdefinitions.productsSteps.user_lands_on_the_product_listing_page()
  And list of products is visible                                                 # stepdefinitions.productsSteps.list_of_products_is_visible()
]]></system-out>
    <system-err><![CDATA[Jun 07, 2025 7:55:57 PM org.openqa.selenium.devtools.CdpVersionFinder findNearestMatch
WARNING: Unable to find CDP implementation matching 137
Jun 07, 2025 7:55:57 PM org.openqa.selenium.chromium.ChromiumDriver lambda$new$5
WARNING: Unable to find version of CDP to use for 137.0.7151.69. You may need to include a dependency on a specific version of the CDP using something similar to `org.seleniumhq.selenium:selenium-devtools-v86:4.20.0` where the version ("v86") matches the version of the chromium-based browser you're using and the version number of the artifact is the same as Selenium's.
]]></system-err>
  </testcase>
  <testcase name="checks product sorting" classname="Validate product lists and order" time="1.874">
    <system-out><![CDATA[
Scenario Outline: checks product sorting                                          # src/test/java/features/products.feature:20
  Given The user is on the SauceDemo login page                                   # stepdefinitions.LoginSteps.the_user_is_on_the_saucedemo_login_page()
  When The user logs in with username "standard_user" and password "secret_sauce" # stepdefinitions.LoginSteps.the_user_logs_in_with_username_and_password(java.lang.String,java.lang.String)
  And user check that sorting by Price (low to high)                              # stepdefinitions.productsSteps.user_check_that_sorting_by_price_low_to_high()
  Then sorts the items correctly                                                  # stepdefinitions.productsSteps.sorts_the_items_correctly()
]]></system-out>
    <system-err><![CDATA[Jun 07, 2025 7:55:59 PM org.openqa.selenium.devtools.CdpVersionFinder findNearestMatch
WARNING: Unable to find CDP implementation matching 137
Jun 07, 2025 7:55:59 PM org.openqa.selenium.chromium.ChromiumDriver lambda$new$5
WARNING: Unable to find version of CDP to use for 137.0.7151.69. You may need to include a dependency on a specific version of the CDP using something similar to `org.seleniumhq.selenium:selenium-devtools-v86:4.20.0` where the version ("v86") matches the version of the chromium-based browser you're using and the version number of the artifact is the same as Selenium's.
]]></system-err>
  </testcase>
</testsuite>